#
# There is insufficient memory for the Java Runtime Environment to continue.
# Native memory allocation (mmap) failed to map 100663296 bytes for Failed to commit area from 0x00000000a1400000 to 0x00000000a7400000 of length 100663296.
# Possible reasons:
#   The system is out of physical RAM or swap space
#   The process is running with CompressedOops enabled, and the Java Heap may be blocking the growth of the native heap
# Possible solutions:
#   Reduce memory load on the system
#   Increase physical memory or swap space
#   Check if swap backing store is full
#   Decrease Java heap size (-Xmx/-Xms)
#   Decrease number of Java threads
#   Decrease Java thread stack sizes (-Xss)
#   Set larger code cache with -XX:ReservedCodeCacheSize=
# This output file may be truncated or incomplete.
#
#  Out of Memory Error (./src/hotspot/os/windows/os_windows.cpp:3619), pid=8128, tid=19560
#
# JRE version:  (11.0.13) (build )
# Java VM: OpenJDK 64-Bit Server VM (11.0.13+0-b1751.21-8125866, mixed mode, sharing, tiered, compressed oops, g1 gc, windows-amd64)
# No core dump will be written. Minidumps are not enabled by default on client versions of Windows
#

---------------  S U M M A R Y ------------

Command Line: git4idea.http.GitAskPassApp Username for 'https://github.com': 

Host: AMD Ryzen 5 3500U with Radeon Vega Mobile Gfx  , 8 cores, 5G,  Windows 11 , 64 bit Build 22000 (10.0.22000.708)
Time: Thu Nov 10 17:39:41 2022 RTZ 2 (зима) elapsed time: 0.067662 seconds (0d 0h 0m 0s)

---------------  T H R E A D  ---------------

Current thread (0x0000013096a3d800):  JavaThread "Unknown thread" [_thread_in_vm, id=19560, stack(0x0000000fcb400000,0x0000000fcb500000)]

Stack: [0x0000000fcb400000,0x0000000fcb500000]
Native frames: (J=compiled Java code, j=interpreted, Vv=VM code, C=native code)
V  [jvm.dll+0x6100fa]
V  [jvm.dll+0x747090]
V  [jvm.dll+0x7486ad]
V  [jvm.dll+0x748d83]
V  [jvm.dll+0x24ab48]
V  [jvm.dll+0x60d164]
V  [jvm.dll+0x601e75]
V  [jvm.dll+0x308bdb]
V  [jvm.dll+0x308b4a]
V  [jvm.dll+0x308a22]
V  [jvm.dll+0x30d986]
V  [jvm.dll+0x357093]
V  [jvm.dll+0x357796]
V  [jvm.dll+0x357193]
V  [jvm.dll+0x2e3448]
V  [jvm.dll+0x2e45f7]
V  [jvm.dll+0x7242e7]
V  [jvm.dll+0x725adc]
V  [jvm.dll+0x364629]
V  [jvm.dll+0x707cee]
V  [jvm.dll+0x3d2633]
V  [jvm.dll+0x3d4a21]
C  [jli.dll+0x536b]
C  [ucrtbase.dll+0x26c0c]
C  [KERNEL32.DLL+0x154e0]
C  [ntdll.dll+0x485b]


---------------  P R O C E S S  ---------------

Threads class SMR info:
_java_thread_list=0x000001309482efb0, length=0, elements={
}

Java Threads: ( => current thread )

Other Threads:
  0x0000013096a56000 GCTaskThread "GC Thread#0" [stack: 0x0000000fcb500000,0x0000000fcb600000] [id=25028]
  0x0000013096a7d000 ConcurrentGCThread "G1 Main Marker" [stack: 0x0000000fcb600000,0x0000000fcb700000] [id=21932]
  0x0000013096a81000 ConcurrentGCThread "G1 Conc#0" [stack: 0x0000000fcb700000,0x0000000fcb800000] [id=22436]

[error occurred during error reporting (printing all threads), id 0xc0000005, EXCEPTION_ACCESS_VIOLATION (0xc0000005) at pc=0x00007ffe67783dd7]

VM state:not at safepoint (not fully initialized)

VM Mutex/Monitor currently owned by a thread:  ([mutex/lock_event])
[0x0000013096a3a370] Heap_lock - owner thread: 0x0000013096a3d800

Heap address: 0x00000000a1400000, size: 1516 MB, Compressed Oops mode: Non-zero based: 0x00000000a1400000
Narrow klass base: 0x0000000000000000, Narrow klass shift: 0

GC Heap History (0 events):
No events

Deoptimization events (0 events):
No events

Classes redefined (0 events):
No events

Internal exceptions (0 events):
No events

Events (1 events):
Event: 0.046 Loaded shared library C:\Program Files\Android\Android Studio\jre\bin\zip.dll


Dynamic libraries:
0x00007ff790bc0000 - 0x00007ff790bca000 	C:\Program Files\Android\Android Studio\jre\bin\java.exe
0x00007ffea82c0000 - 0x00007ffea84c9000 	C:\WINDOWS\SYSTEM32\ntdll.dll
0x00007ffea6e10000 - 0x00007ffea6ecd000 	C:\WINDOWS\System32\KERNEL32.DLL
0x00007ffea5dc0000 - 0x00007ffea613b000 	C:\WINDOWS\System32\KERNELBASE.dll
0x00007ffea5a10000 - 0x00007ffea5b21000 	C:\WINDOWS\System32\ucrtbase.dll
0x00007ffe91850000 - 0x00007ffe91867000 	C:\Program Files\Android\Android Studio\jre\bin\VCRUNTIME140.dll
0x00007ffe91870000 - 0x00007ffe91889000 	C:\Program Files\Android\Android Studio\jre\bin\jli.dll
0x00007ffea6c60000 - 0x00007ffea6e0d000 	C:\WINDOWS\System32\USER32.dll
0x00007ffea5d90000 - 0x00007ffea5db6000 	C:\WINDOWS\System32\win32u.dll
0x00007ffe84c90000 - 0x00007ffe84f35000 	C:\WINDOWS\WinSxS\amd64_microsoft.windows.common-controls_6595b64144ccf1df_6.0.22000.120_none_9d947278b86cc467\COMCTL32.dll
0x00007ffea7ed0000 - 0x00007ffea7ef9000 	C:\WINDOWS\System32\GDI32.dll
0x00007ffea5830000 - 0x00007ffea5948000 	C:\WINDOWS\System32\gdi32full.dll
0x00007ffea5790000 - 0x00007ffea582d000 	C:\WINDOWS\System32\msvcp_win.dll
0x00007ffea6ee0000 - 0x00007ffea6f83000 	C:\WINDOWS\System32\msvcrt.dll
0x00007ffea75d0000 - 0x00007ffea7601000 	C:\WINDOWS\System32\IMM32.DLL
0x00007ffe917b0000 - 0x00007ffe9184d000 	C:\Program Files\Android\Android Studio\jre\bin\msvcp140.dll
0x00007ffe67490000 - 0x00007ffe67f92000 	C:\Program Files\Android\Android Studio\jre\bin\server\jvm.dll
0x00007ffea7e20000 - 0x00007ffea7ece000 	C:\WINDOWS\System32\ADVAPI32.dll
0x00007ffea6140000 - 0x00007ffea61de000 	C:\WINDOWS\System32\sechost.dll
0x00007ffea7740000 - 0x00007ffea7860000 	C:\WINDOWS\System32\RPCRT4.dll
0x00007ffea7d90000 - 0x00007ffea7d98000 	C:\WINDOWS\System32\PSAPI.DLL
0x00007ffe99790000 - 0x00007ffe997c3000 	C:\WINDOWS\SYSTEM32\WINMM.dll
0x00007ffe9cd20000 - 0x00007ffe9cd2a000 	C:\WINDOWS\SYSTEM32\VERSION.dll
0x00007ffe8ea90000 - 0x00007ffe8ea99000 	C:\WINDOWS\SYSTEM32\WSOCK32.dll
0x00007ffea7860000 - 0x00007ffea78cf000 	C:\WINDOWS\System32\WS2_32.dll
0x00007ffea4810000 - 0x00007ffea4828000 	C:\WINDOWS\SYSTEM32\kernel.appcore.dll
0x00007ffe92250000 - 0x00007ffe92261000 	C:\Program Files\Android\Android Studio\jre\bin\verify.dll
0x00007ffea31d0000 - 0x00007ffea33f1000 	C:\WINDOWS\SYSTEM32\DBGHELP.DLL
0x00007ffe93970000 - 0x00007ffe939a1000 	C:\WINDOWS\SYSTEM32\dbgcore.DLL
0x00007ffea5b30000 - 0x00007ffea5baf000 	C:\WINDOWS\System32\bcryptPrimitives.dll
0x00007ffe92210000 - 0x00007ffe92239000 	C:\Program Files\Android\Android Studio\jre\bin\java.dll
0x00007ffea05f0000 - 0x00007ffea05fb000 	C:\Program Files\Android\Android Studio\jre\bin\jimage.dll
0x00007ffe91a80000 - 0x00007ffe91a98000 	C:\Program Files\Android\Android Studio\jre\bin\zip.dll

dbghelp: loaded successfully - version: 4.0.5 - missing functions: none
symbol engine: initialized successfully - sym options: 0x614 - pdb path: .;C:\Program Files\Android\Android Studio\jre\bin;C:\WINDOWS\SYSTEM32;C:\WINDOWS\WinSxS\amd64_microsoft.windows.common-controls_6595b64144ccf1df_6.0.22000.120_none_9d947278b86cc467;C:\Program Files\Android\Android Studio\jre\bin\server

VM Arguments:
java_command: git4idea.http.GitAskPassApp Username for 'https://github.com': 
java_class_path (initial): C:/Program Files/Android/Android Studio/plugins/git4idea/lib/git4idea-rt.jar;C:/Program Files/Android/Android Studio/lib/3rd-party.jar;C:/Program Files/Android/Android Studio/lib/3rd-party-rt.jar
Launcher Type: SUN_STANDARD

[Global flags]
     intx CICompilerCount                          = 4                                         {product} {ergonomic}
     uint ConcGCThreads                            = 2                                         {product} {ergonomic}
     uint G1ConcRefinementThreads                  = 8                                         {product} {ergonomic}
   size_t G1HeapRegionSize                         = 1048576                                   {product} {ergonomic}
    uintx GCDrainStackTargetSize                   = 64                                        {product} {ergonomic}
   size_t InitialHeapSize                          = 100663296                                 {product} {ergonomic}
   size_t MarkStackSize                            = 4194304                                   {product} {ergonomic}
   size_t MaxHeapSize                              = 1589641216                                {product} {ergonomic}
   size_t MinHeapDeltaBytes                        = 1048576                                   {product} {ergonomic}
    uintx NonNMethodCodeHeapSize                   = 5836300                                {pd product} {ergonomic}
    uintx NonProfiledCodeHeapSize                  = 122910970                              {pd product} {ergonomic}
    uintx ProfiledCodeHeapSize                     = 122910970                              {pd product} {ergonomic}
    uintx ReservedCodeCacheSize                    = 251658240                              {pd product} {ergonomic}
     bool SegmentedCodeCache                       = true                                      {product} {ergonomic}
     bool UseCompressedClassPointers               = true                                 {lp64_product} {ergonomic}
     bool UseCompressedOops                        = true                                 {lp64_product} {ergonomic}
     bool UseG1GC                                  = true                                      {product} {ergonomic}
     bool UseLargePagesIndividualAllocation        = false                                  {pd product} {ergonomic}

Logging:
Log output configuration:
 #0: stdout all=warning uptime,level,tags
 #1: stderr all=off uptime,level,tags

Environment Variables:
PATH=C:\Program Files\Git\mingw64\libexec\git-core;C:\Program Files\Git\mingw64\libexec\git-core;C:\Program Files\Git\mingw64\bin;C:\Program Files\Git\usr\bin;C:\Users\eliza\bin;C:\Program Files\Common Files\Oracle\Java\javapath;C:\opt\Python\Python310\Scripts;C:\opt\Python\Python310;C:\WINDOWS\system32;C:\WINDOWS;C:\WINDOWS\System32\Wbem;C:\WINDOWS\System32\WindowsPowerShell\v1.0;C:\WINDOWS\System32\OpenSSH;C:\Program Files\Git\cmd;C:\Users\eliza\AppData\Local\Microsoft\WindowsApps;C:\opt\IntelliJ.IDEA.ce.2022.2.2\bin
USERNAME=eliza
DISPLAY=:0.0
LC_ALL=en_US.UTF-8
OS=Windows_NT
PROCESSOR_IDENTIFIER=AMD64 Family 23 Model 24 Stepping 1, AuthenticAMD



---------------  S Y S T E M  ---------------

OS: Windows 11 , 64 bit Build 22000 (10.0.22000.708)
OS uptime: 10 days 20:30 hours

CPU:total 8 (initial active 8) (8 cores per cpu, 2 threads per core) family 23 model 24 stepping 1 microcode 0x0, cmov, cx8, fxsr, mmx, sse, sse2, sse3, ssse3, sse4.1, sse4.2, popcnt, avx, avx2, aes, clmul, mmxext, 3dnowpref, lzcnt, sse4a, ht, tsc, tscinvbit, tscinv, bmi1, bmi2, adx, sha, fma

Memory: 4k page, system-wide physical 6058M (59M free)
TotalPageFile size 14250M (AvailPageFile size 46M)
current process WorkingSet (physical memory assigned to process): 10M, peak: 10M
current process commit charge ("private bytes"): 59M, peak: 155M

vm_info: OpenJDK 64-Bit Server VM (11.0.13+0-b1751.21-8125866) for windows-amd64 JRE (11.0.13+0-b1751.21-8125866), built on Feb  2 2022 03:00:22 by "builder" with MS VC++ 14.0 (VS2015)

END.
